2026-02-15 10:08:12,375 - db_helper - INFO -fetch_expenses_for_date called with 2024-08-01)
2026-02-15 11:36:01,582 - db_helper - INFO - fetch_expenses_for_date called with 2024-08-01)
2026-02-15 11:36:10,904 - db_helper - INFO - fetch_expenses_for_date called with 2026-02-15)
2026-02-15 11:38:42,349 - db_helper - INFO - fetch_expenses_for_date called with 2026-02-15)
2026-02-15 11:38:59,065 - db_helper - INFO - fetch_expenses_for_date called with 2024-02-08)
2026-02-15 11:39:08,045 - db_helper - INFO - fetch_expenses_for_date called with 2024-08-01)
2026-02-15 11:51:34,761 - db_helper - INFO - fetch_expenses_for_date called with 2024-08-02)
2026-02-15 11:51:37,521 - db_helper - INFO - fetch_expenses_for_date called with 2024-08-01)
2026-02-15 11:52:05,988 - db_helper - INFO - fetch_expenses_for_date called with 2026-02-15)
2026-02-15 11:52:43,053 - db_helper - INFO - fetch_expenses_for_date called with 2026-02-15)
2026-02-15 11:58:46,394 - db_helper - INFO - fetch_expenses_for_date called with 2026-02-15)
2026-02-15 11:59:14,356 - db_helper - INFO - fetch_expenses_for_date called with 2024-02-15)
2026-02-15 11:59:24,591 - db_helper - INFO - fetch_expenses_for_date called with 2024-08-01)
2026-02-15 11:59:30,183 - db_helper - INFO - fetch_expenses_for_date called with 2026-02-15)
2026-02-15 12:00:18,707 - db_helper - INFO - fetch_expenses_for_date called with 2026-02-15)
2026-02-15 12:00:34,302 - db_helper - INFO - fetch_expenses_for_date called with 2026-02-15)
2026-02-15 12:01:24,441 - db_helper - INFO - fetch_expenses_for_date called with 2026-02-15)
2026-02-15 12:02:08,785 - db_helper - INFO - fetch_expenses_for_date called with 2026-02-15)
2026-02-15 12:16:11,792 - db_helper - INFO - fetch_expenses_for_date called with 2026-02-15)
2026-02-15 12:26:47,956 - db_helper - INFO - fetch_expenses_for_date called with 2026-02-15)
2026-02-15 12:27:20,124 - db_helper - INFO - fetch_expenses_for_date called with 2024-08-01)
2026-02-15 12:31:33,711 - db_helper - INFO - fetch_expenses_for_date called with 2024-08-01)
2026-02-15 12:32:17,673 - db_helper - INFO - fetch_expenses_for_date called with 2024-08-01)
2026-02-15 12:32:58,808 - db_helper - INFO - fetch_expenses_for_date called with 2024-08-01)
2026-02-15 12:44:50,037 - db_helper - INFO - fetch_expenses_for_date called with 2024-08-01)
2026-02-15 12:45:47,057 - db_helper - INFO - fetch_expenses_for_date called with 2024-08-01)
2026-02-15 12:47:18,454 - db_helper - INFO - fetch_expenses_for_date called with 2024-08-02)
2026-02-15 12:47:28,658 - db_helper - INFO - fetch_expenses_for_date called with 2024-08-02)
2026-02-15 12:47:46,336 - db_helper - INFO - fetch_expenses_for_date called with 2024-08-01)
2026-02-15 12:47:49,451 - db_helper - INFO - fetch_expenses_for_date called with 2024-08-02)
2026-02-15 12:50:12,702 - db_helper - INFO - fetch_expenses_for_date called with 2024-08-01)
2026-02-15 12:50:17,609 - db_helper - INFO - fetch_expenses_for_date called with 2024-08-02)
2026-02-15 13:07:45,437 - db_helper - INFO - fetch_expenses_for_date called with 2024-08-01)
2026-02-15 13:07:58,348 - db_helper - INFO - fetch_expenses_for_date called with 2024-08-02)
2026-02-15 13:08:39,511 - db_helper - INFO - fetch_expenses_for_date called with 2024-08-01)
2026-02-15 13:09:55,042 - db_helper - INFO - fetch_expenses_for_date called with 2024-08-01)
2026-02-15 13:09:59,446 - db_helper - INFO - fetch_expenses_for_date called with 2024-08-02)
2026-02-15 13:10:46,043 - db_helper - INFO - fetch_expenses_for_date called with 2024-08-01)
2026-02-15 13:10:52,561 - db_helper - INFO - fetch_expenses_for_date called with 2024-08-02)
2026-02-15 13:28:17,352 - db_helper - INFO - fetch_expenses_for_date called with 2024-08-01)
2026-02-15 13:28:27,784 - db_helper - INFO - fetch_expenses_for_date called with 2024-08-02)
2026-02-15 13:40:33,757 - db_helper - INFO - fetch_expenses_for_date called with 2024-08-02)
2026-02-15 13:40:43,063 - db_helper - INFO - fetch_expenses_for_date called with 2024-08-01)
2026-02-15 13:40:57,022 - db_helper - INFO - fetch_expenses_for_date called with 2024-08-01)
2026-02-15 13:40:58,770 - db_helper - INFO - fetch_expenses_for_date called with 2024-08-01)
2026-02-15 13:43:33,522 - db_helper - INFO - fetch_expenses_for_date called with 2024-08-02)
2026-02-15 13:43:40,943 - db_helper - INFO - fetch_expenses_for_date called with 2024-08-01)
2026-02-15 13:43:56,327 - db_helper - INFO - fetch_expenses_for_date called with 2024-08-01)
2026-02-15 13:43:59,306 - db_helper - INFO - fetch_expenses_for_date called with 2024-08-03)
2026-02-15 13:46:33,785 - db_helper - INFO - fetch_expenses_for_date called with 2024-08-02)
2026-02-15 13:47:32,757 - db_helper - INFO - fetch_expenses_for_date called with 2024-08-02)
2026-02-15 13:47:40,039 - db_helper - INFO - fetch_expenses_for_date called with 2024-08-01)
2026-02-15 13:48:56,173 - db_helper - INFO - fetch_expenses_for_date called with 2024-08-02)
2026-02-15 13:49:11,723 - db_helper - INFO - fetch_expenses_for_date called with 2024-08-02)
2026-02-15 13:49:15,390 - db_helper - INFO - fetch_expenses_for_date called with 2024-08-01)
2026-02-15 13:49:23,896 - db_helper - INFO - fetch_expenses_for_date called with 2024-08-02)
2026-02-15 13:49:27,367 - db_helper - INFO - fetch_expenses_for_date called with 2024-08-17)
2026-02-15 13:49:30,689 - db_helper - INFO - fetch_expenses_for_date called with 2024-08-15)
2026-02-15 13:49:34,273 - db_helper - INFO - fetch_expenses_for_date called with 2024-08-14)
2026-02-15 13:49:39,018 - db_helper - INFO - fetch_expenses_for_date called with 2024-08-14)
2026-02-15 13:49:43,911 - db_helper - INFO - fetch_expenses_for_date called with 2024-08-16)
2026-02-15 13:50:09,004 - db_helper - INFO - fetch_expenses_for_date called with 2024-08-16)
2026-02-15 13:50:12,948 - db_helper - INFO - fetch_expenses_for_date called with 2024-08-10)
2026-02-15 13:50:16,559 - db_helper - INFO - fetch_expenses_for_date called with 2024-08-10)
2026-02-15 13:50:29,896 - db_helper - INFO - fetch_expenses_for_date called with 2024-08-02)
2026-02-15 14:16:34,081 - db_helper - INFO - fetch_expenses_for_date called with 2024-08-01)
2026-02-15 14:16:39,664 - db_helper - INFO - fetch_expenses_for_date called with 2024-08-02)
2026-02-15 14:18:17,935 - db_helper - INFO - fetch_expenses_for_date called with 2024-08-01)
2026-02-15 14:18:22,198 - db_helper - INFO - fetch_expenses_for_date called with 2024-08-02)
2026-02-15 14:19:25,989 - db_helper - INFO - fetch_expenses_for_date called with 2024-08-01)
2026-02-15 14:19:33,903 - db_helper - INFO - fetch_expenses_for_date called with 2024-08-02)
2026-02-15 14:23:15,988 - db_helper - INFO - fetch_expenses_for_date called with 2024-08-03)
2026-02-15 14:23:44,566 - db_helper - INFO - fetch_expenses_for_date called with 2024-08-02)
2026-02-15 14:26:08,439 - db_helper - INFO - fetch_expenses_for_date called with 2024-08-01)
2026-02-15 14:26:12,970 - db_helper - INFO - fetch_expenses_for_date called with 2024-08-02)
2026-02-15 14:35:19,073 - db_helper - INFO - fetch_expenses_for_date called with 2024-08-01)
2026-02-15 14:35:24,951 - db_helper - INFO - fetch_expenses_for_date called with 2024-08-02)
2026-02-15 14:35:46,282 - db_helper - INFO - fetch_expenses_for_date called with 2024-08-30)
2026-02-15 14:37:47,634 - db_helper - INFO - fetch_expenses_for_date called with 2024-08-01)
2026-02-15 14:41:13,419 - db_helper - INFO - fetch_expenses_for_date called with 2024-08-01)
2026-02-15 14:41:13,467 - db_helper - INFO - delete_expenses_for_date called with 2024-08-01)
2026-02-15 14:41:13,494 - db_helper - INFO - insert_expense called with date: 2024-08-01, amount: 2000.0, category: Shopping, notes: Cargos Trouser)
2026-02-15 14:41:13,508 - db_helper - INFO - insert_expense called with date: 2024-08-01, amount: 20.0, category: Food, notes: Samosa Chat)
2026-02-15 14:41:33,130 - db_helper - INFO - fetch_expenses_for_date called with 2024-08-01)
2026-02-15 14:41:55,062 - db_helper - INFO - fetch_expenses_for_date called with 2024-08-01)
2026-02-15 14:41:55,101 - db_helper - INFO - delete_expenses_for_date called with 2024-08-01)
2026-02-15 14:41:55,145 - db_helper - INFO - insert_expense called with date: 2024-08-01, amount: 2000.0, category: Shopping, notes: Cargos Trouser)
2026-02-15 14:41:55,156 - db_helper - INFO - insert_expense called with date: 2024-08-01, amount: 20.0, category: Food, notes: Samosa Chat)
2026-02-15 14:41:55,164 - db_helper - INFO - insert_expense called with date: 2024-08-01, amount: 300.0, category: Other, notes: Hockey stick)
2026-02-15 15:20:54,455 - db_helper - INFO - fetch_expenses_for_date called with 2024-08-01)
2026-02-15 15:21:30,377 - db_helper - INFO - fetch_expenses_for_date called with 2024-08-01)
2026-02-15 15:25:02,231 - db_helper - INFO - fetch_expenses_for_date called with 2024-08-01)
2026-02-15 15:25:07,138 - db_helper - INFO - fetch_expenses_for_date called with 2024-08-01)
2026-02-15 15:25:07,854 - db_helper - INFO - fetch_expenses_for_date called with 2024-08-01)
2026-02-15 16:04:36,275 - db_helper - INFO - fetch_expenses_for_date called with 2024-08-01)
2026-02-15 16:04:46,115 - db_helper - INFO - fetch_expenses_for_date called with 2024-08-01)
2026-02-15 16:04:46,155 - db_helper - INFO - fetch_expense_summary called with start: 2024-08-01 end: 2024-08-05)
2026-02-15 16:10:26,446 - db_helper - INFO - fetch_expenses_for_date called with 2024-08-01)
2026-02-15 16:10:31,829 - db_helper - INFO - fetch_expenses_for_date called with 2024-08-01)
2026-02-15 16:10:31,938 - db_helper - INFO - fetch_expense_summary called with start: 2024-08-01 end: 2024-08-05)
2026-02-15 16:12:12,777 - db_helper - INFO - fetch_expenses_for_date called with 2024-08-01)
2026-02-15 16:12:31,187 - db_helper - INFO - fetch_expenses_for_date called with 2024-08-01)
2026-02-15 16:13:40,881 - db_helper - INFO - fetch_expenses_for_date called with 2024-08-01)
2026-02-15 16:13:45,251 - db_helper - INFO - fetch_expenses_for_date called with 2024-08-01)
2026-02-15 16:13:45,298 - db_helper - INFO - fetch_expense_summary called with start: 2024-08-01 end: 2024-08-05)
2026-02-15 16:14:55,676 - db_helper - INFO - fetch_expenses_for_date called with 2024-08-01)
2026-02-15 16:15:17,618 - db_helper - INFO - fetch_expenses_for_date called with 2024-08-01)
2026-02-15 16:15:17,660 - db_helper - INFO - fetch_expense_summary called with start: 2024-08-01 end: 2024-08-05)
2026-02-15 16:15:43,673 - db_helper - INFO - fetch_expenses_for_date called with 2024-08-01)
2026-02-15 16:15:45,164 - db_helper - INFO - fetch_expenses_for_date called with 2024-08-01)
2026-02-15 16:15:48,043 - db_helper - INFO - fetch_expenses_for_date called with 2024-08-01)
2026-02-15 16:15:48,081 - db_helper - INFO - fetch_expense_summary called with start: 2024-08-01 end: 2024-08-05)
2026-02-15 16:17:00,020 - db_helper - INFO - fetch_expenses_for_date called with 2024-08-01)
2026-02-15 16:17:33,080 - db_helper - INFO - fetch_expenses_for_date called with 2024-08-01)
2026-02-15 16:17:33,151 - db_helper - INFO - fetch_expense_summary called with start: 2024-08-01 end: 2024-08-05)
2026-02-15 16:19:30,846 - db_helper - INFO - fetch_expenses_for_date called with 2024-08-01)
2026-02-15 16:19:49,580 - db_helper - INFO - fetch_expenses_for_date called with 2024-08-01)
2026-02-15 16:20:02,928 - db_helper - INFO - fetch_expenses_for_date called with 2024-08-01)
2026-02-15 16:20:04,731 - db_helper - INFO - fetch_expenses_for_date called with 2024-08-01)
2026-02-15 16:20:09,814 - db_helper - INFO - fetch_expenses_for_date called with 2024-08-01)
2026-02-15 16:20:09,875 - db_helper - INFO - fetch_expense_summary called with start: 2024-08-01 end: 2024-08-05)
2026-02-15 16:20:25,197 - db_helper - INFO - fetch_expenses_for_date called with 2024-08-01)
2026-02-15 16:20:25,242 - db_helper - INFO - fetch_expense_summary called with start: 2024-08-01 end: 2024-08-05)
2026-02-15 16:22:41,835 - db_helper - INFO - fetch_expenses_for_date called with 2024-08-01)
2026-02-15 16:22:44,800 - db_helper - INFO - fetch_expenses_for_date called with 2024-08-01)
2026-02-15 16:22:44,837 - db_helper - INFO - fetch_expense_summary called with start: 2024-08-01 end: 2024-08-05)
2026-02-15 16:23:38,098 - db_helper - INFO - fetch_expenses_for_date called with 2024-08-01)
2026-02-15 16:23:38,141 - db_helper - INFO - fetch_expense_summary called with start: 2024-08-01 end: 2024-08-05)
2026-02-15 16:24:10,176 - db_helper - INFO - fetch_expenses_for_date called with 2024-08-01)
2026-02-15 16:24:10,236 - db_helper - INFO - fetch_expense_summary called with start: 2024-08-01 end: 2024-08-05)
2026-02-15 16:27:08,273 - db_helper - INFO - fetch_expenses_for_date called with 2024-08-01)
2026-02-15 16:27:08,317 - db_helper - INFO - fetch_expense_summary called with start: 2024-08-01 end: 2024-08-05)
2026-02-15 16:28:39,955 - db_helper - INFO - fetch_expenses_for_date called with 2024-08-01)
2026-02-15 16:28:40,009 - db_helper - INFO - fetch_expense_summary called with start: 2024-08-01 end: 2024-08-05)
2026-02-15 16:29:53,225 - db_helper - INFO - fetch_expenses_for_date called with 2024-08-01)
2026-02-15 16:29:56,243 - db_helper - INFO - fetch_expenses_for_date called with 2024-08-01)
2026-02-15 16:29:56,281 - db_helper - INFO - fetch_expense_summary called with start: 2024-08-01 end: 2024-08-05)
2026-02-15 16:30:31,292 - db_helper - INFO - fetch_expenses_for_date called with 2024-08-01)
2026-02-15 16:30:31,334 - db_helper - INFO - fetch_expense_summary called with start: 2024-08-01 end: 2024-08-05)
2026-02-15 16:30:41,692 - db_helper - INFO - fetch_expenses_for_date called with 2024-08-01)
2026-02-15 16:30:41,733 - db_helper - INFO - fetch_expense_summary called with start: 2024-08-01 end: 2024-08-05)
2026-02-15 16:30:53,653 - db_helper - INFO - fetch_expenses_for_date called with 2024-08-01)
2026-02-15 16:30:53,705 - db_helper - INFO - fetch_expense_summary called with start: 2024-08-01 end: 2024-08-05)
2026-02-15 16:31:27,269 - db_helper - INFO - fetch_expenses_for_date called with 2024-08-01)
2026-02-15 16:31:27,321 - db_helper - INFO - fetch_expense_summary called with start: 2024-08-01 end: 2024-08-05)
2026-02-15 16:31:47,009 - db_helper - INFO - fetch_expenses_for_date called with 2024-08-01)
2026-02-15 16:31:47,046 - db_helper - INFO - fetch_expense_summary called with start: 2024-08-01 end: 2024-08-05)
2026-02-15 16:33:57,102 - db_helper - INFO - fetch_expenses_for_date called with 2024-08-01)
2026-02-15 16:33:57,144 - db_helper - INFO - fetch_expense_summary called with start: 2024-08-01 end: 2024-08-05)
2026-02-15 16:35:12,924 - db_helper - INFO - fetch_expenses_for_date called with 2024-08-01)
2026-02-15 16:35:12,963 - db_helper - INFO - fetch_expense_summary called with start: 2024-08-01 end: 2024-08-05)
2026-02-15 16:36:25,938 - db_helper - INFO - fetch_expenses_for_date called with 2024-08-01)
2026-02-15 16:36:25,972 - db_helper - INFO - fetch_expense_summary called with start: 2024-08-01 end: 2024-08-05)
2026-02-15 16:37:48,156 - db_helper - INFO - fetch_expenses_for_date called with 2024-08-01)
2026-02-15 16:37:48,194 - db_helper - INFO - fetch_expense_summary called with start: 2024-08-01 end: 2024-08-05)
2026-02-15 16:38:05,833 - db_helper - INFO - fetch_expenses_for_date called with 2024-08-01)
2026-02-15 16:38:05,881 - db_helper - INFO - fetch_expense_summary called with start: 2024-08-01 end: 2024-08-05)
2026-02-15 16:38:46,561 - db_helper - INFO - fetch_expenses_for_date called with 2024-08-01)
2026-02-15 16:38:50,428 - db_helper - INFO - fetch_expenses_for_date called with 2024-08-01)
2026-02-15 16:38:50,469 - db_helper - INFO - fetch_expense_summary called with start: 2024-08-01 end: 2024-08-05)
2026-02-15 16:39:55,357 - db_helper - INFO - fetch_expenses_for_date called with 2024-08-01)
2026-02-15 16:40:00,689 - db_helper - INFO - fetch_expenses_for_date called with 2024-08-01)
2026-02-15 16:40:00,749 - db_helper - INFO - fetch_expense_summary called with start: 2024-08-01 end: 2024-08-05)
2026-02-15 16:40:29,610 - db_helper - INFO - fetch_expenses_for_date called with 2024-08-01)
2026-02-15 16:40:29,725 - db_helper - INFO - fetch_expense_summary called with start: 2024-08-01 end: 2024-08-05)
2026-02-15 16:44:57,995 - db_helper - INFO - fetch_expenses_for_date called with 2024-08-01)
2026-02-15 16:45:02,278 - db_helper - INFO - fetch_expenses_for_date called with 2024-08-01)
2026-02-15 16:45:02,437 - db_helper - INFO - fetch_expense_summary called with start: 2024-08-01 end: 2024-08-05)
2026-02-15 16:48:54,834 - db_helper - INFO - fetch_expenses_for_date called with 2024-08-01)
2026-02-15 16:48:54,900 - db_helper - INFO - fetch_expense_summary called with start: 2024-08-01 end: 2024-08-05)
2026-02-15 16:50:26,085 - db_helper - INFO - fetch_expenses_for_date called with 2024-08-01)
2026-02-15 16:50:26,135 - db_helper - INFO - fetch_expense_summary called with start: 2024-08-01 end: 2024-08-05)
2026-02-15 16:51:46,845 - db_helper - INFO - fetch_expenses_for_date called with 2024-08-01)
2026-02-15 16:51:46,900 - db_helper - INFO - fetch_expense_summary called with start: 2024-08-01 end: 2024-08-05)
2026-02-15 16:52:28,374 - db_helper - INFO - fetch_expenses_for_date called with 2024-08-01)
2026-02-15 16:52:28,416 - db_helper - INFO - fetch_expense_summary called with start: 2024-08-01 end: 2024-08-05)
2026-02-15 16:52:48,454 - db_helper - INFO - fetch_expenses_for_date called with 2024-08-01)
2026-02-15 16:52:48,509 - db_helper - INFO - fetch_expense_summary called with start: 2024-08-01 end: 2024-08-05)
2026-02-15 16:52:57,060 - db_helper - INFO - fetch_expenses_for_date called with 2024-08-01)
2026-02-15 16:52:57,130 - db_helper - INFO - fetch_expense_summary called with start: 2024-08-01 end: 2024-08-05)
2026-02-15 16:53:12,909 - db_helper - INFO - fetch_expenses_for_date called with 2024-08-01)
2026-02-15 16:53:13,034 - db_helper - INFO - fetch_expense_summary called with start: 2024-08-01 end: 2024-08-05)
2026-02-15 16:54:53,728 - db_helper - INFO - fetch_expenses_for_date called with 2024-08-01)
2026-02-15 16:54:53,856 - db_helper - INFO - fetch_expense_summary called with start: 2024-08-01 end: 2024-08-05)
2026-02-15 16:56:00,857 - db_helper - INFO - fetch_expenses_for_date called with 2024-08-01)
2026-02-15 16:56:00,923 - db_helper - INFO - fetch_expense_summary called with start: 2024-08-01 end: 2024-08-05)
2026-02-15 16:56:50,011 - db_helper - INFO - fetch_expenses_for_date called with 2024-08-01)
2026-02-15 16:56:50,060 - db_helper - INFO - fetch_expense_summary called with start: 2024-08-01 end: 2024-08-05)
2026-02-15 16:57:34,806 - db_helper - INFO - fetch_expenses_for_date called with 2024-08-01)
2026-02-15 16:57:34,916 - db_helper - INFO - fetch_expense_summary called with start: 2024-08-01 end: 2024-08-05)
2026-02-15 16:57:44,697 - db_helper - INFO - fetch_expenses_for_date called with 2024-08-01)
2026-02-15 16:57:44,751 - db_helper - INFO - fetch_expense_summary called with start: 2024-08-01 end: 2024-08-05)
2026-02-15 16:57:59,353 - db_helper - INFO - fetch_expenses_for_date called with 2024-08-01)
2026-02-15 16:57:59,403 - db_helper - INFO - fetch_expense_summary called with start: 2024-08-01 end: 2024-08-05)
2026-02-15 16:59:11,579 - db_helper - INFO - fetch_expenses_for_date called with 2024-08-01)
2026-02-15 16:59:11,629 - db_helper - INFO - fetch_expense_summary called with start: 2024-08-01 end: 2024-08-05)
2026-02-15 17:02:47,258 - db_helper - INFO - fetch_expenses_for_date called with 2024-08-01)
2026-02-15 17:02:49,815 - db_helper - INFO - fetch_expenses_for_date called with 2024-08-01)
2026-02-15 17:02:49,915 - db_helper - INFO - fetch_expense_summary called with start: 2024-08-01 end: 2024-08-30)
2026-02-15 17:03:04,853 - db_helper - INFO - fetch_expenses_for_date called with 2024-08-01)
2026-02-15 17:03:09,250 - db_helper - INFO - fetch_expenses_for_date called with 2024-08-01)
2026-02-15 17:03:09,339 - db_helper - INFO - fetch_expense_summary called with start: 2024-07-01 end: 2024-08-30)
2026-02-15 17:03:26,988 - db_helper - INFO - fetch_expenses_for_date called with 2024-08-01)
2026-02-15 17:03:28,249 - db_helper - INFO - fetch_expenses_for_date called with 2024-08-01)
2026-02-15 17:03:28,299 - db_helper - INFO - fetch_expense_summary called with start: 2024-07-01 end: 2024-07-31)
2026-02-15 17:03:59,869 - db_helper - INFO - fetch_expenses_for_date called with 2024-08-01)
2026-02-15 17:04:01,630 - db_helper - INFO - fetch_expenses_for_date called with 2024-08-01)
2026-02-15 17:04:01,679 - db_helper - INFO - fetch_expense_summary called with start: 2024-06-01 end: 2024-07-31)
2026-02-15 17:04:15,113 - db_helper - INFO - fetch_expenses_for_date called with 2024-08-01)
2026-02-15 17:04:17,294 - db_helper - INFO - fetch_expenses_for_date called with 2024-08-01)
2026-02-15 17:04:17,343 - db_helper - INFO - fetch_expense_summary called with start: 2024-06-01 end: 2024-09-30)
